<?xml version="1.0" encoding="UTF-8"?>
<testsuite xmlns:xsi="http://www.w3.org/2001/XMLSchema-instance" xsi:schemaLocation="https://maven.apache.org/surefire/maven-surefire-plugin/xsd/surefire-test-report.xsd" name="TestSuite" time="10.686" tests="8" errors="0" skipped="7" failures="1">
  <properties>
    <property name="java.runtime.name" value="OpenJDK Runtime Environment"/>
    <property name="java.vm.version" value="11.0.3+12-b304.10"/>
    <property name="sun.boot.library.path" value="C:\Users\BZ324DG\AppData\Local\JetBrains\IntelliJ IDEA Community Edition 2019.2\jbr\bin"/>
    <property name="maven.multiModuleProjectDirectory" value="C:\Users\BZ324DG\Desktop\Projects\gitprojects\automation"/>
    <property name="java.vm.vendor" value="JetBrains s.r.o"/>
    <property name="java.vendor.url" value="https://www.jetbrains.com/"/>
    <property name="guice.disable.misplaced.annotation.check" value="true"/>
    <property name="path.separator" value=";"/>
    <property name="java.vm.name" value="OpenJDK 64-Bit Server VM"/>
    <property name="sun.os.patch.level" value=""/>
    <property name="user.script" value=""/>
    <property name="user.country" value="US"/>
    <property name="sun.java.launcher" value="SUN_STANDARD"/>
    <property name="java.vm.specification.name" value="Java Virtual Machine Specification"/>
    <property name="user.dir" value="C:\Users\BZ324DG\Desktop\Projects\gitprojects\automation"/>
    <property name="java.vm.compressedOopsMode" value="32-bit"/>
    <property name="java.runtime.version" value="11.0.3+12-b304.10"/>
    <property name="java.awt.graphicsenv" value="sun.awt.Win32GraphicsEnvironment"/>
    <property name="os.arch" value="amd64"/>
    <property name="java.io.tmpdir" value="C:\Users\BZ324DG\AppData\Local\Temp\"/>
    <property name="line.separator" value="&#10;"/>
    <property name="java.vm.specification.vendor" value="Oracle Corporation"/>
    <property name="user.variant" value=""/>
    <property name="os.name" value="Windows 10"/>
    <property name="maven.ext.class.path" value="C:\Users\BZ324DG\AppData\Local\JetBrains\IntelliJ IDEA Community Edition 2019.2\plugins\maven\lib\maven-event-listener.jar"/>
    <property name="classworlds.conf" value="C:\Users\BZ324DG\AppData\Local\JetBrains\IntelliJ IDEA Community Edition 2019.2\plugins\maven\lib\maven3\bin\m2.conf"/>
    <property name="sun.jnu.encoding" value="Cp1252"/>
    <property name="java.library.path" value="C:\Users\BZ324DG\AppData\Local\JetBrains\IntelliJ IDEA Community Edition 2019.2\jbr\bin;C:\Windows\Sun\Java\bin;C:\Windows\system32;C:\Windows;C:\Users\BZ324DG\AppData\Local\JetBrains\IntelliJ IDEA Community Edition 2019.2\jbr\\bin;C:\Users\BZ324DG\AppData\Local\JetBrains\IntelliJ IDEA Community Edition 2019.2\jbr\\bin\server;C:\Program Files (x86)\Common Files\Oracle\Java\javapath;C:\ProgramData\Oracle\Java\javapath;C:\Windows\system32;C:\Windows;C:\Windows\System32\Wbem;C:\Windows\System32\WindowsPowerShell\v1.0\;C:\Windows\System32\OpenSSH\;C:\Program Files\Intel\WiFi\bin\;C:\Program Files\Common Files\Intel\WirelessCommon\;C:\Users\BZ324DG\Desktop\apache-maven-3.6.1-bin;C:\Users\BZ324DG\Desktop\apache-maven-3.6.1-bin\apache-maven-3.6.1\bin;C:\Program Files\Git\cmd;C:\Users\BZ324DG\AppData\Local\Microsoft\WindowsApps;C:\Users\BZ324DG\Desktop\apache-maven-3.6.1-bin\apache-maven-3.6.1\bin;;."/>
    <property name="maven.conf" value="C:\Users\BZ324DG\AppData\Local\JetBrains\IntelliJ IDEA Community Edition 2019.2\plugins\maven\lib\maven3/conf"/>
    <property name="jdk.debug" value="release"/>
    <property name="java.class.version" value="55.0"/>
    <property name="java.specification.name" value="Java Platform API Specification"/>
    <property name="sun.management.compiler" value="HotSpot 64-Bit Tiered Compilers"/>
    <property name="os.version" value="10.0"/>
    <property name="user.home" value="C:\Users\BZ324DG"/>
    <property name="user.timezone" value="America/Chicago"/>
    <property name="java.awt.printerjob" value="sun.awt.windows.WPrinterJob"/>
    <property name="file.encoding" value="UTF-8"/>
    <property name="java.specification.version" value="11"/>
    <property name="user.name" value="BZ324DG"/>
    <property name="java.class.path" value="C:\Users\BZ324DG\AppData\Local\JetBrains\IntelliJ IDEA Community Edition 2019.2\plugins\maven\lib\maven3\boot\plexus-classworlds-2.6.0.jar"/>
    <property name="java.vm.specification.version" value="11"/>
    <property name="sun.arch.data.model" value="64"/>
    <property name="sun.java.command" value="org.codehaus.classworlds.Launcher -Didea.version2019.2 install"/>
    <property name="java.home" value="C:\Users\BZ324DG\AppData\Local\JetBrains\IntelliJ IDEA Community Edition 2019.2\jbr"/>
    <property name="user.language" value="en"/>
    <property name="java.specification.vendor" value="Oracle Corporation"/>
    <property name="awt.toolkit" value="sun.awt.windows.WToolkit"/>
    <property name="java.vm.info" value="mixed mode, sharing"/>
    <property name="java.version" value="11.0.3"/>
    <property name="java.vendor" value="JetBrains s.r.o"/>
    <property name="maven.home" value="C:\Users\BZ324DG\AppData\Local\JetBrains\IntelliJ IDEA Community Edition 2019.2\plugins\maven\lib\maven3"/>
    <property name="file.separator" value="\"/>
    <property name="java.version.date" value="2019-04-16"/>
    <property name="idea.version2019.2" value="true"/>
    <property name="java.vendor.url.bug" value="https://youtrack.jetbrains.com"/>
    <property name="sun.io.unicode.encoding" value="UnicodeLittle"/>
    <property name="sun.cpu.endian" value="little"/>
    <property name="sun.desktop" value="windows"/>
    <property name="sun.cpu.isalist" value="amd64"/>
  </properties>
  <testcase name="setUp" classname="com.EY.qa.runners.AllFeaturesRunner" time="6.948">
    <failure message="Unable to create new remote session. desired capabilities = Capabilities {acceptInsecureCerts: true, browserName: firefox, firefox_binary: C:/Program Files (x86)/Mozi..., moz:firefoxOptions: {args: [], binary: C:/Program Files (x86)/Mozi..., prefs: {}}}&#10;Build info: version: &apos;3.141.59&apos;, revision: &apos;e82be7d358&apos;, time: &apos;2018-11-14T08:25:53&apos;&#10;System info: host: &apos;US1255154W1&apos;, ip: &apos;192.168.86.49&apos;, os.name: &apos;Windows 10&apos;, os.arch: &apos;amd64&apos;, os.version: &apos;10.0&apos;, java.version: &apos;1.8.0_221&apos;&#10;Driver info: driver.version: unknown&#10;Command duration or timeout: 5.34 seconds" type="org.openqa.selenium.SessionNotCreatedException">org.openqa.selenium.SessionNotCreatedException: 
Unable to create new remote session. desired capabilities = Capabilities {acceptInsecureCerts: true, browserName: firefox, firefox_binary: C:/Program Files (x86)/Mozi..., moz:firefoxOptions: {args: [], binary: C:/Program Files (x86)/Mozi..., prefs: {}}}
Build info: version: '3.141.59', revision: 'e82be7d358', time: '2018-11-14T08:25:53'
System info: host: 'US1255154W1', ip: '192.168.86.49', os.name: 'Windows 10', os.arch: 'amd64', os.version: '10.0', java.version: '1.8.0_221'
Driver info: driver.version: unknown
Command duration or timeout: 5.34 seconds
	at com.EY.qa.runners.AllFeaturesRunner.setUp(AllFeaturesRunner.java:34)
Caused by: org.openqa.selenium.SessionNotCreatedException: 
Unable to create new remote session. desired capabilities = Capabilities {acceptInsecureCerts: true, browserName: firefox, firefox_binary: C:/Program Files (x86)/Mozi..., moz:firefoxOptions: {args: [], binary: C:/Program Files (x86)/Mozi..., prefs: {}}}
Build info: version: '3.141.59', revision: 'e82be7d358', time: '2018-11-14T08:25:53'
System info: host: 'US1255154W1', ip: '192.168.86.49', os.name: 'Windows 10', os.arch: 'amd64', os.version: '10.0', java.version: '1.8.0_221'
Driver info: driver.version: unknown
Build info: version: '3.12.0', revision: '7c6e0b3', time: '2018-05-08T14:04:26.12Z'
System info: host: 'US1255154W1', ip: '192.168.86.49', os.name: 'Windows 10', os.arch: 'amd64', os.version: '10.0', java.version: '11.0.3'
Driver info: driver.version: unknown
</failure>
    <system-out><![CDATA[[TestNGContentHandler] [WARN] It is strongly recommended to add "<!DOCTYPE suite SYSTEM "http://testng.org/testng-1.0.dtd" >" at the top of your file, otherwise TestNG may fail or not work as expected.
]]></system-out>
  </testcase>
  <testcase name="feature" classname="com.EY.qa.runners.AllFeaturesRunner" time="0">
    <skipped message="Unable to create new remote session. desired capabilities = Capabilities {acceptInsecureCerts: true, browserName: firefox, firefox_binary: C:/Program Files (x86)/Mozi..., moz:firefoxOptions: {args: [], binary: C:/Program Files (x86)/Mozi..., prefs: {}}}&#10;Build info: version: &apos;3.141.59&apos;, revision: &apos;e82be7d358&apos;, time: &apos;2018-11-14T08:25:53&apos;&#10;System info: host: &apos;US1255154W1&apos;, ip: &apos;192.168.86.49&apos;, os.name: &apos;Windows 10&apos;, os.arch: &apos;amd64&apos;, os.version: &apos;10.0&apos;, java.version: &apos;1.8.0_221&apos;&#10;Driver info: driver.version: unknown&#10;Command duration or timeout: 5.34 seconds"/>
  </testcase>
  <testcase name="feature" classname="com.EY.qa.runners.AllFeaturesRunner" time="0">
    <skipped message="Unable to create new remote session. desired capabilities = Capabilities {acceptInsecureCerts: true, browserName: firefox, firefox_binary: C:/Program Files (x86)/Mozi..., moz:firefoxOptions: {args: [], binary: C:/Program Files (x86)/Mozi..., prefs: {}}}&#10;Build info: version: &apos;3.141.59&apos;, revision: &apos;e82be7d358&apos;, time: &apos;2018-11-14T08:25:53&apos;&#10;System info: host: &apos;US1255154W1&apos;, ip: &apos;192.168.86.49&apos;, os.name: &apos;Windows 10&apos;, os.arch: &apos;amd64&apos;, os.version: &apos;10.0&apos;, java.version: &apos;1.8.0_221&apos;&#10;Driver info: driver.version: unknown&#10;Command duration or timeout: 5.34 seconds"/>
  </testcase>
  <testcase name="feature" classname="com.EY.qa.runners.AllFeaturesRunner" time="0">
    <skipped message="Unable to create new remote session. desired capabilities = Capabilities {acceptInsecureCerts: true, browserName: firefox, firefox_binary: C:/Program Files (x86)/Mozi..., moz:firefoxOptions: {args: [], binary: C:/Program Files (x86)/Mozi..., prefs: {}}}&#10;Build info: version: &apos;3.141.59&apos;, revision: &apos;e82be7d358&apos;, time: &apos;2018-11-14T08:25:53&apos;&#10;System info: host: &apos;US1255154W1&apos;, ip: &apos;192.168.86.49&apos;, os.name: &apos;Windows 10&apos;, os.arch: &apos;amd64&apos;, os.version: &apos;10.0&apos;, java.version: &apos;1.8.0_221&apos;&#10;Driver info: driver.version: unknown&#10;Command duration or timeout: 5.34 seconds"/>
  </testcase>
  <testcase name="feature" classname="com.EY.qa.runners.AllFeaturesRunner" time="0">
    <skipped message="Unable to create new remote session. desired capabilities = Capabilities {acceptInsecureCerts: true, browserName: firefox, firefox_binary: C:/Program Files (x86)/Mozi..., moz:firefoxOptions: {args: [], binary: C:/Program Files (x86)/Mozi..., prefs: {}}}&#10;Build info: version: &apos;3.141.59&apos;, revision: &apos;e82be7d358&apos;, time: &apos;2018-11-14T08:25:53&apos;&#10;System info: host: &apos;US1255154W1&apos;, ip: &apos;192.168.86.49&apos;, os.name: &apos;Windows 10&apos;, os.arch: &apos;amd64&apos;, os.version: &apos;10.0&apos;, java.version: &apos;1.8.0_221&apos;&#10;Driver info: driver.version: unknown&#10;Command duration or timeout: 5.34 seconds"/>
  </testcase>
  <testcase name="feature" classname="com.EY.qa.runners.AllFeaturesRunner" time="0">
    <skipped message="Unable to create new remote session. desired capabilities = Capabilities {acceptInsecureCerts: true, browserName: firefox, firefox_binary: C:/Program Files (x86)/Mozi..., moz:firefoxOptions: {args: [], binary: C:/Program Files (x86)/Mozi..., prefs: {}}}&#10;Build info: version: &apos;3.141.59&apos;, revision: &apos;e82be7d358&apos;, time: &apos;2018-11-14T08:25:53&apos;&#10;System info: host: &apos;US1255154W1&apos;, ip: &apos;192.168.86.49&apos;, os.name: &apos;Windows 10&apos;, os.arch: &apos;amd64&apos;, os.version: &apos;10.0&apos;, java.version: &apos;1.8.0_221&apos;&#10;Driver info: driver.version: unknown&#10;Command duration or timeout: 5.34 seconds"/>
  </testcase>
  <testcase name="feature" classname="com.EY.qa.runners.AllFeaturesRunner" time="0">
    <skipped message="Unable to create new remote session. desired capabilities = Capabilities {acceptInsecureCerts: true, browserName: firefox, firefox_binary: C:/Program Files (x86)/Mozi..., moz:firefoxOptions: {args: [], binary: C:/Program Files (x86)/Mozi..., prefs: {}}}&#10;Build info: version: &apos;3.141.59&apos;, revision: &apos;e82be7d358&apos;, time: &apos;2018-11-14T08:25:53&apos;&#10;System info: host: &apos;US1255154W1&apos;, ip: &apos;192.168.86.49&apos;, os.name: &apos;Windows 10&apos;, os.arch: &apos;amd64&apos;, os.version: &apos;10.0&apos;, java.version: &apos;1.8.0_221&apos;&#10;Driver info: driver.version: unknown&#10;Command duration or timeout: 5.34 seconds"/>
  </testcase>
  <testcase name="tearDownClass" classname="com.EY.qa.runners.AllFeaturesRunner" time="0">
    <skipped/>
  </testcase>
</testsuite>