<?xml version="1.0" encoding="UTF-8"?>
<!-- Generated by org.testng.reporters.JUnitReportReporter -->
<testsuite skipped="0" hostname="ashwins-mbp.lan" name="com.EY.qa.runners.AllFeaturesRunner" tests="1" failures="0" timestamp="07 Aug 2019 16:33:17 GMT" time="3.532" errors="0">
  <testcase name="feature" time="3.532" classname="com.EY.qa.runners.AllFeaturesRunner"/>
</testsuite> <!-- com.EY.qa.runners.AllFeaturesRunner -->
