<?xml version="1.0" encoding="UTF-8"?>
<!-- Generated by org.testng.reporters.JUnitReportReporter -->
<testsuite skipped="0" hostname="US1255154W1" name="com.EY.qa.runners.AllFeaturesRunner" tests="2" failures="0" timestamp="15 Aug 2019 14:42:30 GMT" time="3.955" errors="2">
  <testcase name="feature" time="0.015" classname="com.EY.qa.runners.AllFeaturesRunner">
    <error type="cucumber.runtime.CucumberException" message="java.lang.NoClassDefFoundError: Could not initialize class com.EY.qa.framework.WebApp">
      <![CDATA[cucumber.runtime.CucumberException: java.lang.NoClassDefFoundError: Could not initialize class com.EY.qa.framework.WebApp
at cucumber.api.testng.TestNGCucumberRunner.runCucumber(TestNGCucumberRunner.java:69)
at cucumber.api.testng.AbstractTestNGCucumberTests.feature(AbstractTestNGCucumberTests.java:21)
at sun.reflect.NativeMethodAccessorImpl.invoke0(Native Method)
at sun.reflect.NativeMethodAccessorImpl.invoke(NativeMethodAccessorImpl.java:62)
at sun.reflect.DelegatingMethodAccessorImpl.invoke(DelegatingMethodAccessorImpl.java:43)
at java.lang.reflect.Method.invoke(Method.java:498)
at org.testng.internal.MethodInvocationHelper.invokeMethod(MethodInvocationHelper.java:124)
at org.testng.internal.Invoker.invokeMethod(Invoker.java:583)
at org.testng.internal.Invoker.invokeTestMethod(Invoker.java:719)
at org.testng.internal.Invoker.invokeTestMethods(Invoker.java:989)
at org.testng.internal.TestMethodWorker.invokeTestMethods(TestMethodWorker.java:125)
at org.testng.internal.TestMethodWorker.run(TestMethodWorker.java:109)
at org.testng.TestRunner.privateRun(TestRunner.java:648)
at org.testng.TestRunner.run(TestRunner.java:505)
at org.testng.SuiteRunner.runTest(SuiteRunner.java:455)
at org.testng.SuiteRunner.access$000(SuiteRunner.java:40)
at org.testng.SuiteRunner$SuiteWorker.run(SuiteRunner.java:489)
at org.testng.internal.thread.ThreadUtil$1.call(ThreadUtil.java:52)
at java.util.concurrent.FutureTask.run(FutureTask.java:266)
at java.util.concurrent.ThreadPoolExecutor.runWorker(ThreadPoolExecutor.java:1149)
at java.util.concurrent.ThreadPoolExecutor$Worker.run(ThreadPoolExecutor.java:624)
at java.lang.Thread.run(Thread.java:748)
Caused by: java.lang.NoClassDefFoundError: Could not initialize class com.EY.qa.framework.WebApp
at com.EY.qa.steps.LoginSteps.main_page_is_loaded(LoginSteps.java:31)
at ✽.Given Browser is open(Logout.feature:5)
]]>
    </error>
  </testcase> <!-- feature -->
  <testcase name="feature" time="3.940" classname="com.EY.qa.runners.AllFeaturesRunner">
    <error type="cucumber.runtime.CucumberException" message="java.lang.ExceptionInInitializerError">
      <![CDATA[cucumber.runtime.CucumberException: java.lang.ExceptionInInitializerError
at cucumber.api.testng.TestNGCucumberRunner.runCucumber(TestNGCucumberRunner.java:69)
at cucumber.api.testng.AbstractTestNGCucumberTests.feature(AbstractTestNGCucumberTests.java:21)
at sun.reflect.NativeMethodAccessorImpl.invoke0(Native Method)
at sun.reflect.NativeMethodAccessorImpl.invoke(NativeMethodAccessorImpl.java:62)
at sun.reflect.DelegatingMethodAccessorImpl.invoke(DelegatingMethodAccessorImpl.java:43)
at java.lang.reflect.Method.invoke(Method.java:498)
at org.testng.internal.MethodInvocationHelper.invokeMethod(MethodInvocationHelper.java:124)
at org.testng.internal.Invoker.invokeMethod(Invoker.java:583)
at org.testng.internal.Invoker.invokeTestMethod(Invoker.java:719)
at org.testng.internal.Invoker.invokeTestMethods(Invoker.java:989)
at org.testng.internal.TestMethodWorker.invokeTestMethods(TestMethodWorker.java:125)
at org.testng.internal.TestMethodWorker.run(TestMethodWorker.java:109)
at org.testng.TestRunner.privateRun(TestRunner.java:648)
at org.testng.TestRunner.run(TestRunner.java:505)
at org.testng.SuiteRunner.runTest(SuiteRunner.java:455)
at org.testng.SuiteRunner.access$000(SuiteRunner.java:40)
at org.testng.SuiteRunner$SuiteWorker.run(SuiteRunner.java:489)
at org.testng.internal.thread.ThreadUtil$1.call(ThreadUtil.java:52)
at java.util.concurrent.FutureTask.run(FutureTask.java:266)
at java.util.concurrent.ThreadPoolExecutor.runWorker(ThreadPoolExecutor.java:1149)
at java.util.concurrent.ThreadPoolExecutor$Worker.run(ThreadPoolExecutor.java:624)
at java.lang.Thread.run(Thread.java:748)
Caused by: java.lang.ExceptionInInitializerError
at com.EY.qa.steps.LoginSteps.main_page_is_loaded(LoginSteps.java:31)
at ✽.Given Browser is open(Login.feature:5)
Caused by: java.lang.NullPointerException
at com.EY.qa.framework.WebApp.initializeDriver(WebApp.java:99)
at com.EY.qa.framework.WebApp.getDriver(WebApp.java:107)
at com.EY.qa.framework.WebApp.<clinit>(WebApp.java:32)
at com.EY.qa.steps.LoginSteps.main_page_is_loaded(LoginSteps.java:31)
at sun.reflect.NativeMethodAccessorImpl.invoke0(Native Method)
at sun.reflect.NativeMethodAccessorImpl.invoke(NativeMethodAccessorImpl.java:62)
at sun.reflect.DelegatingMethodAccessorImpl.invoke(DelegatingMethodAccessorImpl.java:43)
at java.lang.reflect.Method.invoke(Method.java:498)
at cucumber.runtime.Utils$1.call(Utils.java:37)
at cucumber.runtime.Timeout.timeout(Timeout.java:13)
at cucumber.runtime.Utils.invoke(Utils.java:31)
at cucumber.runtime.java.JavaStepDefinition.execute(JavaStepDefinition.java:38)
at cucumber.runtime.StepDefinitionMatch.runStep(StepDefinitionMatch.java:37)
at cucumber.runtime.Runtime.runStep(Runtime.java:299)
at cucumber.runtime.model.StepContainer.runStep(StepContainer.java:44)
at cucumber.runtime.model.StepContainer.runSteps(StepContainer.java:39)
at cucumber.runtime.model.CucumberScenario.run(CucumberScenario.java:44)
at cucumber.runtime.model.CucumberFeature.run(CucumberFeature.java:165)
at cucumber.api.testng.TestNGCucumberRunner.runCucumber(TestNGCucumberRunner.java:63)
at cucumber.api.testng.AbstractTestNGCucumberTests.feature(AbstractTestNGCucumberTests.java:21)
at sun.reflect.NativeMethodAccessorImpl.invoke0(Native Method)
at sun.reflect.NativeMethodAccessorImpl.invoke(NativeMethodAccessorImpl.java:62)
at sun.reflect.DelegatingMethodAccessorImpl.invoke(DelegatingMethodAccessorImpl.java:43)
at java.lang.reflect.Method.invoke(Method.java:498)
at org.testng.internal.MethodInvocationHelper.invokeMethod(MethodInvocationHelper.java:124)
at org.testng.internal.Invoker.invokeMethod(Invoker.java:583)
at org.testng.internal.Invoker.invokeTestMethod(Invoker.java:719)
at org.testng.internal.Invoker.invokeTestMethods(Invoker.java:989)
at org.testng.internal.TestMethodWorker.invokeTestMethods(TestMethodWorker.java:125)
at org.testng.internal.TestMethodWorker.run(TestMethodWorker.java:109)
at org.testng.TestRunner.privateRun(TestRunner.java:648)
at org.testng.TestRunner.run(TestRunner.java:505)
at org.testng.SuiteRunner.runTest(SuiteRunner.java:455)
at org.testng.SuiteRunner.access$000(SuiteRunner.java:40)
at org.testng.SuiteRunner$SuiteWorker.run(SuiteRunner.java:489)
at org.testng.internal.thread.ThreadUtil$1.call(ThreadUtil.java:52)
at java.util.concurrent.FutureTask.run(FutureTask.java:266)
at java.util.concurrent.ThreadPoolExecutor.runWorker(ThreadPoolExecutor.java:1149)
at java.util.concurrent.ThreadPoolExecutor$Worker.run(ThreadPoolExecutor.java:624)
at java.lang.Thread.run(Thread.java:748)
]]>
    </error>
  </testcase> <!-- feature -->
</testsuite> <!-- com.EY.qa.runners.AllFeaturesRunner -->
